3.559417891502380371e+01
3.563911104202270508e+01
3.922917389869689941e+01
3.763183498382568359e+01
4.746490192413330078e+01
4.420389103889465332e+01
1.193379578590393066e+02
1.849035229682922363e+02
4.385268306732177734e+01
5.969458603858947754e+01
4.142469596862792969e+01
4.185793089866638184e+01
4.850773096084594727e+01
4.801043605804443359e+01
5.163153004646301270e+01
3.953832817077636719e+01
5.098307800292968750e+01
4.167996597290039062e+01
4.280402898788452148e+01
4.632571005821228027e+01
4.269335412979125977e+01
5.270046687126159668e+01
4.434255099296569824e+01
