4.166660551718409980e-04
4.166660309694812637e-04
4.166659712020329490e-04
4.166658836301483093e-04
4.166657744685115482e-04
4.166659304722623728e-04
4.166655134533998428e-04
4.166653749463561178e-04
4.166652066580359354e-04
4.166649473346908570e-04
4.166656489627134112e-04
4.166652961508436311e-04
4.166647248690149305e-04
4.166665485682001947e-04
4.166516647780300745e-04
4.166577031128341417e-04
4.167893607995640909e-04
4.166379103292137866e-04
4.161893501646293575e-04
4.150213799189129082e-04
4.126545125921362548e-04
4.099154171928910814e-04
4.086065356239209191e-04
